<?xml version="1.0" encoding="UTF-8"?>
<!-- Generated by org.testng.reporters.JUnitXMLReporter -->
<testsuite ignored="0" hostname="DESKTOP-8KSDERU" failures="2" tests="2" name="Test1" time="8.597" errors="0" timestamp="2020-09-22T10:41:14 IST">
  <testcase classname="JavaMavenProject.E2EProject.HomePageTest" name="basePageNavigation" time="0.046">
    <failure type="java.lang.Error" message="Unresolved compilation problems: 
	LandingPageClass cannot be resolved to a type
	LandingPageClass cannot be resolved to a type
	LoginPageClass cannot be resolved to a type
	LoginPageClass cannot be resolved to a type
">
      <![CDATA[java.lang.Error: Unresolved compilation problems: 
LandingPageClass cannot be resolved to a type
LandingPageClass cannot be resolved to a type
LoginPageClass cannot be resolved to a type
LoginPageClass cannot be resolved to a type

at JavaMavenProject.E2EProject.HomePageTest.basePageNavigation(HomePageTest.java:37)
at java.base/java.util.ArrayList.forEach(ArrayList.java:1511)
at java.base/java.util.concurrent.FutureTask.run(FutureTask.java:264)
at java.base/java.util.concurrent.ThreadPoolExecutor.runWorker(ThreadPoolExecutor.java:1130)
at java.base/java.util.concurrent.ThreadPoolExecutor$Worker.run(ThreadPoolExecutor.java:630)
at java.base/java.lang.Thread.run(Thread.java:832)
... Removed 18 stack frames]]>
    </failure>
  </testcase> <!-- basePageNavigation -->
  <testcase classname="JavaMavenProject.E2EProject.HomePageTest" name="basePageNavigation" time="0.002">
    <failure type="java.lang.Error" message="Unresolved compilation problems: 
	LandingPageClass cannot be resolved to a type
	LandingPageClass cannot be resolved to a type
	LoginPageClass cannot be resolved to a type
	LoginPageClass cannot be resolved to a type
">
      <![CDATA[java.lang.Error: Unresolved compilation problems: 
LandingPageClass cannot be resolved to a type
LandingPageClass cannot be resolved to a type
LoginPageClass cannot be resolved to a type
LoginPageClass cannot be resolved to a type

at JavaMavenProject.E2EProject.HomePageTest.basePageNavigation(HomePageTest.java:37)
at java.base/java.util.ArrayList.forEach(ArrayList.java:1511)
at java.base/java.util.concurrent.FutureTask.run(FutureTask.java:264)
at java.base/java.util.concurrent.ThreadPoolExecutor.runWorker(ThreadPoolExecutor.java:1130)
at java.base/java.util.concurrent.ThreadPoolExecutor$Worker.run(ThreadPoolExecutor.java:630)
at java.base/java.lang.Thread.run(Thread.java:832)
... Removed 18 stack frames]]>
    </failure>
  </testcase> <!-- basePageNavigation -->
</testsuite> <!-- Test1 -->
